{"name": "test_login_wrong_password", "status": "failed", "statusDetails": {"message": "AssertionError: failed\nassert 1 == 2", "trace": "@pytest.mark.smoke\n    @pytest.mark.regression\n    def test_login_wrong_password():\n        print(\"Login with wrong password\")\n>       assert 1==2, 'failed'\nE       AssertionError: failed\nE       assert 1 == 2\n\nPytestQuickStart\\my_tests\\test_suite_1.py:12: AssertionError"}, "attachments": [{"name": "stdout", "source": "148dec80-67cb-49c7-bd1b-8e1bb3611cc7-attachment.txt", "type": "text/plain"}], "start": 1659454469303, "stop": 1659454469303, "uuid": "fb88d885-ba2e-44c4-991d-91ea81f44a53", "historyId": "ed314f24d76a600339e64baa796605a8", "testCaseId": "c6a194057cf9cd9e6f33de0497456984", "fullName": "PytestQuickStart.my_tests.test_suite_1#test_login_wrong_password", "labels": [{"name": "tag", "value": "regression"}, {"name": "tag", "value": "smoke"}, {"name": "parentSuite", "value": "PytestQuickStart.my_tests"}, {"name": "suite", "value": "test_suite_1"}, {"name": "host", "value": "QT-UK-LT0992"}, {"name": "thread", "value": "19104-MainThread"}, {"name": "framework", "value": "pytest"}, {"name": "language", "value": "cpython3"}, {"name": "package", "value": "PytestQuickStart.my_tests.test_suite_1"}]}